<?xml version="1.0" encoding="UTF-8"?>
<!-- Generated by org.testng.reporters.JUnitXMLReporter -->
<testsuite ignored="0" hostname="LTIN509551" failures="0" tests="7" name="Default test" time="0.087" errors="0" timestamp="2024-04-02T15:29:30 IST">
  <testcase classname="testCases.TestClass" name="@BeforeClass driverConfig" time="-1.712051970773E9">
    <failure type="org.testng.TestNGException" message="
Parameter &amp;apos;browser&amp;apos; is required by BeforeClass on method driverConfig but has not been marked @Optional or defined
in C:\Users\2327178\AppData\Local\Temp\testng-eclipse--512439726\testng-customsuite.xml">
      <![CDATA[org.testng.TestNGException: 
Parameter 'browser' is required by BeforeClass on method driverConfig but has not been marked @Optional or defined
in C:\Users\2327178\AppData\Local\Temp\testng-eclipse--512439726\testng-customsuite.xml
at org.testng.internal.Parameters.createParams(Parameters.java:267)
at org.testng.internal.Parameters.createParametersForMethod(Parameters.java:355)
at org.testng.internal.Parameters.createParameters(Parameters.java:693)
at org.testng.internal.Parameters.createConfigurationParameters(Parameters.java:166)
at org.testng.internal.invokers.ConfigInvoker.invokeConfigurations(ConfigInvoker.java:306)
at org.testng.internal.invokers.TestMethodWorker.invokeBeforeClassMethods(TestMethodWorker.java:180)
at org.testng.internal.invokers.TestMethodWorker.run(TestMethodWorker.java:122)
at java.base/java.util.ArrayList.forEach(ArrayList.java:1511)
at org.testng.TestRunner.privateRun(TestRunner.java:819)
at org.testng.TestRunner.run(TestRunner.java:619)
at org.testng.SuiteRunner.runTest(SuiteRunner.java:443)
at org.testng.SuiteRunner.runSequentially(SuiteRunner.java:437)
at org.testng.SuiteRunner.privateRun(SuiteRunner.java:397)
at org.testng.SuiteRunner.run(SuiteRunner.java:336)
at org.testng.SuiteRunnerWorker.runSuite(SuiteRunnerWorker.java:52)
at org.testng.SuiteRunnerWorker.run(SuiteRunnerWorker.java:95)
at org.testng.TestNG.runSuitesSequentially(TestNG.java:1301)
at org.testng.TestNG.runSuitesLocally(TestNG.java:1228)
at org.testng.TestNG.runSuites(TestNG.java:1134)
at org.testng.TestNG.run(TestNG.java:1101)
at org.testng.remote.AbstractRemoteTestNG.run(AbstractRemoteTestNG.java:115)
at org.testng.remote.RemoteTestNG.initAndRun(RemoteTestNG.java:251)
at org.testng.remote.RemoteTestNG.main(RemoteTestNG.java:77)
]]>
    </failure>
  </testcase> <!-- @BeforeClass driverConfig -->
  <testcase classname="testBase.BaseClass" name="@AfterClass tearDown" time="0.0">
    <skipped/>
  </testcase> <!-- @AfterClass tearDown -->
  <testcase classname="testCases.TestClass" name="clickOnUser" time="0.001">
    <skipped/>
  </testcase> <!-- clickOnUser -->
  <testcase classname="testCases.TestClass" name="verifyHeaderAndTooltip" time="0.0">
    <skipped/>
  </testcase> <!-- verifyHeaderAndTooltip -->
  <testcase classname="testCases.TestClass" name="validateNewsSlide1" time="0.0">
    <skipped/>
  </testcase> <!-- validateNewsSlide1 -->
  <testcase classname="testCases.TestClass" name="validateNewsSlide2" time="0.0">
    <skipped/>
  </testcase> <!-- validateNewsSlide2 -->
  <testcase classname="testCases.TestClass" name="validateNewsSlide3" time="0.0">
    <skipped/>
  </testcase> <!-- validateNewsSlide3 -->
  <testcase classname="testCases.TestClass" name="validateNewsSlide4" time="0.0">
    <skipped/>
  </testcase> <!-- validateNewsSlide4 -->
  <testcase classname="testCases.TestClass" name="validateNewsSlide5" time="0.0">
    <skipped/>
  </testcase> <!-- validateNewsSlide5 -->
</testsuite> <!-- Default test -->
